<?xml version="1.0" encoding="UTF-8"?>
<testng-results ignored="0" total="1" passed="1" failed="0" skipped="0">
  <reporter-output>
  </reporter-output>
  <suite started-at="2022-12-07T15:12:48 IST" name="Suite" finished-at="2022-12-07T15:13:17 IST" duration-ms="29165">
    <groups>
    </groups>
    <test started-at="2022-12-07T15:12:48 IST" name="Test" finished-at="2022-12-07T15:13:17 IST" duration-ms="29165">
      <class name="com.qa.SampleTest">
        <test-method signature="verifyPageTitle()[pri:0, instance:com.qa.SampleTest@51931956]" started-at="2022-12-07T15:12:48 IST" name="verifyPageTitle" finished-at="2022-12-07T15:13:17 IST" duration-ms="29126" status="PASS">
          <reporter-output>
          </reporter-output>
        </test-method> <!-- verifyPageTitle -->
      </class> <!-- com.qa.SampleTest -->
    </test> <!-- Test -->
  </suite> <!-- Suite -->
</testng-results>
