<?xml version="1.0" encoding="UTF-8"?>
<testng-results skipped="0" failed="0" ignored="0" total="1" passed="1">
  <reporter-output>
  </reporter-output>
  <suite name="Suite" duration-ms="59321" started-at="2022-12-07T13:41:58 IST" finished-at="2022-12-07T13:42:57 IST">
    <groups>
    </groups>
    <test name="Test" duration-ms="59321" started-at="2022-12-07T13:41:58 IST" finished-at="2022-12-07T13:42:57 IST">
      <class name="com.qa.SampleTest">
        <test-method status="PASS" signature="verifyPageTitle()[pri:0, instance:com.qa.SampleTest@4923ab24]" name="verifyPageTitle" duration-ms="59252" started-at="2022-12-07T13:41:58 IST" finished-at="2022-12-07T13:42:57 IST">
          <reporter-output>
          </reporter-output>
        </test-method> <!-- verifyPageTitle -->
      </class> <!-- com.qa.SampleTest -->
    </test> <!-- Test -->
  </suite> <!-- Suite -->
</testng-results>
